<?xml version="1.0" encoding="utf-8"?><testsuites name="pytest tests"><testsuite name="pytest" errors="0" failures="0" skipped="0" tests="23" time="6.280" timestamp="2026-04-18T13:56:16.628615+00:00" hostname="agent-env-bb53c262-a6d4-4666-8a46-e9e43b3218bd"><testcase classname="tests.test_iteration12_services_refactor.TestHealthCheck" name="test_health_endpoint" time="0.227" /><testcase classname="tests.test_iteration12_services_refactor.TestAuthEndpoints" name="test_login_success" time="0.347" /><testcase classname="tests.test_iteration12_services_refactor.TestAuthEndpoints" name="test_login_invalid_credentials" time="0.106" /><testcase classname="tests.test_iteration12_services_refactor.TestAuthEndpoints" name="test_auth_me" time="0.374" /><testcase classname="tests.test_iteration12_services_refactor.TestAuthEndpoints" name="test_auth_refresh" time="0.061" /><testcase classname="tests.test_iteration12_services_refactor.TestSchedulerStatus" name="test_scheduler_status_structure" time="0.109" /><testcase classname="tests.test_iteration12_services_refactor.TestSchedulerTrigger" name="test_scheduler_trigger_btcusdt" time="0.056" /><testcase classname="tests.test_iteration12_services_refactor.TestAutoExecConfig" name="test_get_auto_exec_config" time="0.047" /><testcase classname="tests.test_iteration12_services_refactor.TestAutoExecConfig" name="test_patch_auto_exec_config_disable" time="0.340" /><testcase classname="tests.test_iteration12_services_refactor.TestAutoExecTrades" name="test_get_auto_exec_trades" time="0.046" /><testcase classname="tests.test_iteration12_services_refactor.TestSignalsEndpoints" name="test_signals_accuracy" time="0.128" /><testcase classname="tests.test_iteration12_services_refactor.TestSignalsEndpoints" name="test_signals_pending" time="0.111" /><testcase classname="tests.test_iteration12_services_refactor.TestSignalsEndpoints" name="test_signals_intelligence" time="0.115" /><testcase classname="tests.test_iteration12_services_refactor.TestDashboardDungeonOverview" name="test_dungeon_overview_structure" time="0.121" /><testcase classname="tests.test_iteration12_services_refactor.TestPayments404Fix" name="test_invalid_session_returns_404" time="0.375" /><testcase classname="tests.test_iteration12_services_refactor.TestExchangeEndpoints" name="test_exchange_status" time="0.048" /><testcase classname="tests.test_iteration12_services_refactor.TestExchangeEndpoints" name="test_exchange_tickers" time="0.511" /><testcase classname="tests.test_iteration12_services_refactor.TestExchangeEndpoints" name="test_exchange_balance" time="0.544" /><testcase classname="tests.test_iteration12_services_refactor.TestExchangeEndpoints" name="test_exchange_positions" time="2.168" /><testcase classname="tests.test_iteration12_services_refactor.TestDungeonAgents" name="test_dungeon_agents_count" time="0.113" /><testcase classname="tests.test_iteration12_services_refactor.TestDungeonAgents" name="test_dungeon_prediction" time="0.119" /><testcase classname="tests.test_iteration12_services_refactor.TestWebSocketToken" name="test_ws_token" time="0.050" /><testcase classname="tests.test_iteration12_services_refactor.TestZAuthLogout" name="test_auth_logout" time="0.051" /></testsuite></testsuites>