<?xml version="1.0" encoding="utf-8"?><testsuites name="pytest tests"><testsuite name="pytest" errors="0" failures="0" skipped="0" tests="36" time="4.300" timestamp="2026-04-18T13:52:50.931705+00:00" hostname="agent-env-bb53c262-a6d4-4666-8a46-e9e43b3218bd"><testcase classname="tests.test_iteration11_refactor.TestPaymentStatus404Fix" name="test_invalid_session_returns_404" time="0.813" /><testcase classname="tests.test_iteration11_refactor.TestPaymentStatus404Fix" name="test_random_invalid_session_returns_404" time="0.232" /><testcase classname="tests.test_iteration11_refactor.TestPaymentStatus404Fix" name="test_empty_session_id_returns_404" time="0.232" /><testcase classname="tests.test_iteration11_refactor.TestProfileRoutes" name="test_get_profile" time="0.082" /><testcase classname="tests.test_iteration11_refactor.TestProfileRoutes" name="test_patch_profile" time="0.072" /><testcase classname="tests.test_iteration11_refactor.TestProfileRoutes" name="test_telegram_unlink" time="0.054" /><testcase classname="tests.test_iteration11_refactor.TestProfileRoutes" name="test_telegram_test_without_link" time="0.110" /><testcase classname="tests.test_iteration11_refactor.TestNotificationsRoutes" name="test_get_notifications" time="0.053" /><testcase classname="tests.test_iteration11_refactor.TestNotificationsRoutes" name="test_get_unread_count" time="0.054" /><testcase classname="tests.test_iteration11_refactor.TestNotificationsRoutes" name="test_create_notification" time="0.062" /><testcase classname="tests.test_iteration11_refactor.TestNotificationsRoutes" name="test_mark_all_read" time="0.056" /><testcase classname="tests.test_iteration11_refactor.TestPaymentsRoutes" name="test_get_plans" time="0.052" /><testcase classname="tests.test_iteration11_refactor.TestPaymentsRoutes" name="test_checkout_invalid_plan" time="0.054" /><testcase classname="tests.test_iteration11_refactor.TestSignalsRoutes" name="test_signals_accuracy" time="0.173" /><testcase classname="tests.test_iteration11_refactor.TestSignalsRoutes" name="test_signals_pending" time="0.179" /><testcase classname="tests.test_iteration11_refactor.TestSignalsRoutes" name="test_signals_intelligence" time="0.121" /><testcase classname="tests.test_iteration11_refactor.TestEngineRoutes" name="test_engine_swarm" time="0.055" /><testcase classname="tests.test_iteration11_refactor.TestEngineRoutes" name="test_engine_optimizer" time="0.056" /><testcase classname="tests.test_iteration11_refactor.TestEngineRoutes" name="test_engine_predictions" time="0.055" /><testcase classname="tests.test_iteration11_refactor.TestEngineRoutes" name="test_engine_positions" time="0.053" /><testcase classname="tests.test_iteration11_refactor.TestEngineRoutes" name="test_engine_pnl" time="0.052" /><testcase classname="tests.test_iteration11_refactor.TestEngineRoutes" name="test_engine_orders" time="0.052" /><testcase classname="tests.test_iteration11_refactor.TestEngineRoutes" name="test_engine_trades" time="0.050" /><testcase classname="tests.test_iteration11_refactor.TestEngineRoutes" name="test_engine_config_get" time="0.056" /><testcase classname="tests.test_iteration11_refactor.TestDungeonRoutes" name="test_dungeon_agents" time="0.122" /><testcase classname="tests.test_iteration11_refactor.TestDungeonRoutes" name="test_dungeon_agent_by_id" time="0.228" /><testcase classname="tests.test_iteration11_refactor.TestDungeonRoutes" name="test_dungeon_agent_not_found" time="0.107" /><testcase classname="tests.test_iteration11_refactor.TestDungeonRoutes" name="test_dungeon_debate" time="0.129" /><testcase classname="tests.test_iteration11_refactor.TestDungeonRoutes" name="test_dungeon_prediction" time="0.105" /><testcase classname="tests.test_iteration11_refactor.TestDungeonRoutes" name="test_dungeon_predictions_history" time="0.118" /><testcase classname="tests.test_iteration11_refactor.TestDungeonRoutes" name="test_dungeon_debates_history" time="0.102" /><testcase classname="tests.test_iteration11_refactor.TestDungeonRoutes" name="test_auto_exec_config_get" time="0.056" /><testcase classname="tests.test_iteration11_refactor.TestDungeonRoutes" name="test_auto_exec_trades" time="0.054" /><testcase classname="tests.test_iteration11_refactor.TestDungeonRoutes" name="test_dungeon_rollout" time="0.112" /><testcase classname="tests.test_iteration11_refactor.TestDungeonRoutes" name="test_dungeon_rollout_audit" time="0.135" /><testcase classname="tests.test_iteration11_refactor.TestSchedulerBackgroundTask" name="test_scheduler_status" time="0.109" /></testsuite></testsuites>