<?xml version="1.0" encoding="utf-8"?><testsuites name="pytest tests"><testsuite name="pytest" errors="0" failures="0" skipped="0" tests="59" time="7.517" timestamp="2026-04-18T13:56:39.098118+00:00" hostname="agent-env-bb53c262-a6d4-4666-8a46-e9e43b3218bd"><testcase classname="tests.test_iteration11_refactor.TestPaymentStatus404Fix" name="test_invalid_session_returns_404" time="0.604" /><testcase classname="tests.test_iteration11_refactor.TestPaymentStatus404Fix" name="test_random_invalid_session_returns_404" time="0.244" /><testcase classname="tests.test_iteration11_refactor.TestPaymentStatus404Fix" name="test_empty_session_id_returns_404" time="0.448" /><testcase classname="tests.test_iteration11_refactor.TestProfileRoutes" name="test_get_profile" time="0.048" /><testcase classname="tests.test_iteration11_refactor.TestProfileRoutes" name="test_patch_profile" time="0.048" /><testcase classname="tests.test_iteration11_refactor.TestProfileRoutes" name="test_telegram_unlink" time="0.049" /><testcase classname="tests.test_iteration11_refactor.TestProfileRoutes" name="test_telegram_test_without_link" time="0.116" /><testcase classname="tests.test_iteration11_refactor.TestNotificationsRoutes" name="test_get_notifications" time="0.047" /><testcase classname="tests.test_iteration11_refactor.TestNotificationsRoutes" name="test_get_unread_count" time="0.049" /><testcase classname="tests.test_iteration11_refactor.TestNotificationsRoutes" name="test_create_notification" time="0.047" /><testcase classname="tests.test_iteration11_refactor.TestNotificationsRoutes" name="test_mark_all_read" time="0.049" /><testcase classname="tests.test_iteration11_refactor.TestPaymentsRoutes" name="test_get_plans" time="0.047" /><testcase classname="tests.test_iteration11_refactor.TestPaymentsRoutes" name="test_checkout_invalid_plan" time="0.049" /><testcase classname="tests.test_iteration11_refactor.TestSignalsRoutes" name="test_signals_accuracy" time="0.139" /><testcase classname="tests.test_iteration11_refactor.TestSignalsRoutes" name="test_signals_pending" time="0.118" /><testcase classname="tests.test_iteration11_refactor.TestSignalsRoutes" name="test_signals_intelligence" time="0.207" /><testcase classname="tests.test_iteration11_refactor.TestEngineRoutes" name="test_engine_swarm" time="0.049" /><testcase classname="tests.test_iteration11_refactor.TestEngineRoutes" name="test_engine_optimizer" time="0.048" /><testcase classname="tests.test_iteration11_refactor.TestEngineRoutes" name="test_engine_predictions" time="0.046" /><testcase classname="tests.test_iteration11_refactor.TestEngineRoutes" name="test_engine_positions" time="0.046" /><testcase classname="tests.test_iteration11_refactor.TestEngineRoutes" name="test_engine_pnl" time="0.049" /><testcase classname="tests.test_iteration11_refactor.TestEngineRoutes" name="test_engine_orders" time="0.048" /><testcase classname="tests.test_iteration11_refactor.TestEngineRoutes" name="test_engine_trades" time="0.048" /><testcase classname="tests.test_iteration11_refactor.TestEngineRoutes" name="test_engine_config_get" time="0.064" /><testcase classname="tests.test_iteration11_refactor.TestDungeonRoutes" name="test_dungeon_agents" time="0.122" /><testcase classname="tests.test_iteration11_refactor.TestDungeonRoutes" name="test_dungeon_agent_by_id" time="0.213" /><testcase classname="tests.test_iteration11_refactor.TestDungeonRoutes" name="test_dungeon_agent_not_found" time="0.109" /><testcase classname="tests.test_iteration11_refactor.TestDungeonRoutes" name="test_dungeon_debate" time="0.114" /><testcase classname="tests.test_iteration11_refactor.TestDungeonRoutes" name="test_dungeon_prediction" time="0.113" /><testcase classname="tests.test_iteration11_refactor.TestDungeonRoutes" name="test_dungeon_predictions_history" time="0.113" /><testcase classname="tests.test_iteration11_refactor.TestDungeonRoutes" name="test_dungeon_debates_history" time="0.121" /><testcase classname="tests.test_iteration11_refactor.TestDungeonRoutes" name="test_auto_exec_config_get" time="0.050" /><testcase classname="tests.test_iteration11_refactor.TestDungeonRoutes" name="test_auto_exec_trades" time="0.047" /><testcase classname="tests.test_iteration11_refactor.TestDungeonRoutes" name="test_dungeon_rollout" time="0.119" /><testcase classname="tests.test_iteration11_refactor.TestDungeonRoutes" name="test_dungeon_rollout_audit" time="0.104" /><testcase classname="tests.test_iteration11_refactor.TestSchedulerBackgroundTask" name="test_scheduler_status" time="0.115" /><testcase classname="tests.test_iteration12_services_refactor.TestHealthCheck" name="test_health_endpoint" time="0.107" /><testcase classname="tests.test_iteration12_services_refactor.TestAuthEndpoints" name="test_login_success" time="0.328" /><testcase classname="tests.test_iteration12_services_refactor.TestAuthEndpoints" name="test_login_invalid_credentials" time="0.112" /><testcase classname="tests.test_iteration12_services_refactor.TestAuthEndpoints" name="test_auth_me" time="0.399" /><testcase classname="tests.test_iteration12_services_refactor.TestAuthEndpoints" name="test_auth_refresh" time="0.053" /><testcase classname="tests.test_iteration12_services_refactor.TestSchedulerStatus" name="test_scheduler_status_structure" time="0.118" /><testcase classname="tests.test_iteration12_services_refactor.TestSchedulerTrigger" name="test_scheduler_trigger_btcusdt" time="0.057" /><testcase classname="tests.test_iteration12_services_refactor.TestAutoExecConfig" name="test_get_auto_exec_config" time="0.060" /><testcase classname="tests.test_iteration12_services_refactor.TestAutoExecConfig" name="test_patch_auto_exec_config_disable" time="0.113" /><testcase classname="tests.test_iteration12_services_refactor.TestAutoExecTrades" name="test_get_auto_exec_trades" time="0.059" /><testcase classname="tests.test_iteration12_services_refactor.TestSignalsEndpoints" name="test_signals_accuracy" time="0.125" /><testcase classname="tests.test_iteration12_services_refactor.TestSignalsEndpoints" name="test_signals_pending" time="0.108" /><testcase classname="tests.test_iteration12_services_refactor.TestSignalsEndpoints" name="test_signals_intelligence" time="0.132" /><testcase classname="tests.test_iteration12_services_refactor.TestDashboardDungeonOverview" name="test_dungeon_overview_structure" time="0.129" /><testcase classname="tests.test_iteration12_services_refactor.TestPayments404Fix" name="test_invalid_session_returns_404" time="0.259" /><testcase classname="tests.test_iteration12_services_refactor.TestExchangeEndpoints" name="test_exchange_status" time="0.050" /><testcase classname="tests.test_iteration12_services_refactor.TestExchangeEndpoints" name="test_exchange_tickers" time="0.372" /><testcase classname="tests.test_iteration12_services_refactor.TestExchangeEndpoints" name="test_exchange_balance" time="0.220" /><testcase classname="tests.test_iteration12_services_refactor.TestExchangeEndpoints" name="test_exchange_positions" time="0.226" /><testcase classname="tests.test_iteration12_services_refactor.TestDungeonAgents" name="test_dungeon_agents_count" time="0.109" /><testcase classname="tests.test_iteration12_services_refactor.TestDungeonAgents" name="test_dungeon_prediction" time="0.115" /><testcase classname="tests.test_iteration12_services_refactor.TestWebSocketToken" name="test_ws_token" time="0.056" /><testcase classname="tests.test_iteration12_services_refactor.TestZAuthLogout" name="test_auth_logout" time="0.060" /></testsuite></testsuites>