<?xml version="1.0" encoding="utf-8"?><testsuites name="pytest tests"><testsuite name="pytest" errors="0" failures="0" skipped="0" tests="21" time="4.220" timestamp="2026-04-18T12:55:47.859171+00:00" hostname="agent-env-bb53c262-a6d4-4666-8a46-e9e43b3218bd"><testcase classname="backend.tests.test_iteration9.TestHealthAndPublicEndpoints" name="test_health_endpoint" time="0.175" /><testcase classname="backend.tests.test_iteration9.TestHealthAndPublicEndpoints" name="test_exchange_status" time="0.144" /><testcase classname="backend.tests.test_iteration9.TestHealthAndPublicEndpoints" name="test_dungeon_agents_returns_24" time="0.126" /><testcase classname="backend.tests.test_iteration9.TestAuthentication" name="test_login_success" time="0.365" /><testcase classname="backend.tests.test_iteration9.TestAuthentication" name="test_login_invalid_credentials" time="0.160" /><testcase classname="backend.tests.test_iteration9.TestAuthentication" name="test_auth_me_with_session" time="0.380" /><testcase classname="backend.tests.test_iteration9.TestAuthentication" name="test_auth_me_without_session" time="0.109" /><testcase classname="backend.tests.test_iteration9.TestSignalIntelligenceEngine" name="test_signals_accuracy_endpoint" time="0.113" /><testcase classname="backend.tests.test_iteration9.TestSignalIntelligenceEngine" name="test_signals_intelligence_endpoint" time="0.130" /><testcase classname="backend.tests.test_iteration9.TestSwarmPredictions" name="test_dungeon_prediction_btc" time="0.114" /><testcase classname="backend.tests.test_iteration9.TestSwarmPredictions" name="test_dungeon_prediction_eth" time="0.123" /><testcase classname="backend.tests.test_iteration9.TestSwarmPredictions" name="test_dungeon_prediction_sol" time="0.117" /><testcase classname="backend.tests.test_iteration9.TestSwarmPredictions" name="test_dungeon_prediction_xrp" time="0.115" /><testcase classname="backend.tests.test_iteration9.TestSwarmPredictions" name="test_dungeon_prediction_doge" time="0.117" /><testcase classname="backend.tests.test_iteration9.TestSwarmPredictions" name="test_dungeon_prediction_ada" time="0.108" /><testcase classname="backend.tests.test_iteration9.TestSwarmPredictions" name="test_dungeon_predictions_list" time="0.127" /><testcase classname="backend.tests.test_iteration9.TestSwarmPredictions" name="test_dungeon_debate" time="0.110" /><testcase classname="backend.tests.test_iteration9.TestDashboardEndpoints" name="test_dashboard_dungeon_overview" time="0.128" /><testcase classname="backend.tests.test_iteration9.TestDashboardEndpoints" name="test_dashboard_stats_authenticated" time="0.389" /><testcase classname="backend.tests.test_iteration9.TestWebSocketToken" name="test_ws_token_authenticated" time="0.391" /><testcase classname="backend.tests.test_iteration9.TestPaymentStatusEndpoint" name="test_payment_status_invalid_session" time="0.556" /></testsuite></testsuites>