<?xml version="1.0" encoding="utf-8"?><testsuites name="pytest tests"><testsuite name="pytest" errors="0" failures="1" skipped="0" tests="35" time="11.002" timestamp="2026-04-18T13:20:41.364275+00:00" hostname="agent-env-bb53c262-a6d4-4666-8a46-e9e43b3218bd"><testcase classname="tests.test_refactor_regression.TestHealthAndBasics" name="test_health_endpoint" time="0.217" /><testcase classname="tests.test_refactor_regression.TestAuthRoutes" name="test_login_success" time="0.331" /><testcase classname="tests.test_refactor_regression.TestAuthRoutes" name="test_login_invalid_credentials" time="0.142" /><testcase classname="tests.test_refactor_regression.TestAuthRoutes" name="test_auth_me_with_session" time="0.385" /><testcase classname="tests.test_refactor_regression.TestAuthRoutes" name="test_auth_me_without_session" time="0.111" /><testcase classname="tests.test_refactor_regression.TestAuthRoutes" name="test_logout" time="0.380" /><testcase classname="tests.test_refactor_regression.TestAuthRoutes" name="test_refresh_token" time="0.402" /><testcase classname="tests.test_refactor_regression.TestAuthRoutes" name="test_forgot_password" time="0.672" /><testcase classname="tests.test_refactor_regression.TestExchangeRoutes" name="test_exchange_status" time="0.108" /><testcase classname="tests.test_refactor_regression.TestExchangeRoutes" name="test_exchange_tickers" time="0.338" /><testcase classname="tests.test_refactor_regression.TestExchangeRoutes" name="test_exchange_ticker_single" time="0.281" /><testcase classname="tests.test_refactor_regression.TestExchangeRoutes" name="test_exchange_ohlcv" time="0.288" /><testcase classname="tests.test_refactor_regression.TestExchangeRoutes" name="test_exchange_orderbook" time="0.271" /><testcase classname="tests.test_refactor_regression.TestExchangeRoutes" name="test_exchange_balance_authenticated" time="0.557" /><testcase classname="tests.test_refactor_regression.TestSchedulerRoutes" name="test_scheduler_status" time="0.147" /><testcase classname="tests.test_refactor_regression.TestSchedulerRoutes" name="test_scheduler_trigger" time="0.380" /><testcase classname="tests.test_refactor_regression.TestDungeonEndpoints" name="test_dungeon_agents" time="0.140" /><testcase classname="tests.test_refactor_regression.TestDungeonEndpoints" name="test_dungeon_prediction" time="0.126" /><testcase classname="tests.test_refactor_regression.TestDungeonEndpoints" name="test_dungeon_debate" time="0.141" /><testcase classname="tests.test_refactor_regression.TestDungeonEndpoints" name="test_dungeon_predictions_history" time="0.120" /><testcase classname="tests.test_refactor_regression.TestSignalsEndpoints" name="test_signals_accuracy" time="0.114" /><testcase classname="tests.test_refactor_regression.TestSignalsEndpoints" name="test_signals_intelligence" time="0.107" /><testcase classname="tests.test_refactor_regression.TestDashboardEndpoints" name="test_dashboard_stats" time="0.400" /><testcase classname="tests.test_refactor_regression.TestDashboardEndpoints" name="test_dashboard_dungeon_overview" time="0.131" /><testcase classname="tests.test_refactor_regression.TestEngineEndpoints" name="test_engine_swarm" time="0.368" /><testcase classname="tests.test_refactor_regression.TestEngineEndpoints" name="test_engine_config" time="0.376" /><testcase classname="tests.test_refactor_regression.TestAgentsEndpoints" name="test_agents_list" time="0.390" /><testcase classname="tests.test_refactor_regression.TestAgentsEndpoints" name="test_agents_portfolio_summary" time="0.404" /><testcase classname="tests.test_refactor_regression.TestPaymentsEndpoints" name="test_payments_plans" time="0.378" /><testcase classname="tests.test_refactor_regression.TestPaymentsEndpoints" name="test_payments_status_invalid" time="0.670"><failure message="assert 500 in [200, 400, 404]&#10; +  where 500 = &lt;Response [500]&gt;.status_code">tests/test_refactor_regression.py:385: in test_payments_status_invalid
    assert response.status_code in [200, 400, 404]
E   assert 500 in [200, 400, 404]
E    +  where 500 = &lt;Response [500]&gt;.status_code</failure></testcase><testcase classname="tests.test_refactor_regression.TestWebSocketToken" name="test_ws_token" time="0.375" /><testcase classname="tests.test_refactor_regression.TestValidationEndpoints" name="test_validation_runs" time="0.402" /><testcase classname="tests.test_refactor_regression.TestValidationEndpoints" name="test_validation_gate" time="0.380" /><testcase classname="tests.test_refactor_regression.TestNotificationsEndpoints" name="test_notifications_list" time="0.412" /><testcase classname="tests.test_refactor_regression.TestNotificationsEndpoints" name="test_notifications_unread_count" time="0.410" /></testsuite></testsuites>